# JRE version: Java(TM) SE Runtime Environment (18.0.2.1+1) (build 18.0.2.1+1-1)
# Java VM: Java HotSpot(TM) 64-Bit Server VM (18.0.2.1+1-1, mixed mode, emulated-client, sharing, tiered, compressed oops, compressed class ptrs, g1 gc, windows-amd64)
GC Precious Log:
 CardTable entry size: 512
 Card Set container configuration: InlinePtr #cards 5 size 8 Array Of Cards #cards 12 size 40 Howl #buckets 4 coarsen threshold 1843 Howl Bitmap #cards 512 size 80 coarsen threshold 460 Card regions per heap region 1 cards per card region 2048
 CPUs: 8 total, 8 available
 Memory: 6091M
 Large Page Support: Disabled
 NUMA Support: Disabled
 Compressed Oops: Enabled (32-bit)
 Heap Region Size: 1M
 Heap Min Capacity: 8M
 Heap Initial Capacity: 96M
 Heap Max Capacity: 1524M
 Pre-touch: Disabled
 Parallel Workers: 8
 Concurrent Workers: 2
 Concurrent Refinement Workers: 8
 Periodic GC: Disabled
Heap:
 garbage-first heap   total 61440K, used 38136K [0x00000000a0c00000, 0x0000000100000000)
  region size 1024K, 3 young (3072K), 2 survivors (2048K)
 Metaspace       used 71071K, committed 72064K, reserved 1114112K
  class space    used 9948K, committed 10368K, reserved 1048576K
GC Heap History (20 events):
Event: 9.243 GC heap before
{Heap before GC invocations=18 (full 0):
 garbage-first heap   total 61440K, used 48702K [0x00000000a0c00000, 0x0000000100000000)
  region size 1024K, 25 young (25600K), 2 survivors (2048K)
 Metaspace       used 60463K, committed 61184K, reserved 1114112K
  class space    used 8441K, committed 8768K, reserved 1048576K
}
Event: 9.247 GC heap after
{Heap after GC invocations=19 (full 0):
 garbage-first heap   total 61440K, used 27933K [0x00000000a0c00000, 0x0000000100000000)
  region size 1024K, 4 young (4096K), 4 survivors (4096K)
 Metaspace       used 60463K, committed 61184K, reserved 1114112K
  class space    used 8441K, committed 8768K, reserved 1048576K
}
Event: 9.820 GC heap before
{Heap before GC invocations=19 (full 0):
 garbage-first heap   total 61440K, used 48413K [0x00000000a0c00000, 0x0000000100000000)
  region size 1024K, 24 young (24576K), 4 survivors (4096K)
 Metaspace       used 62205K, committed 62912K, reserved 1114112K
  class space    used 8713K, committed 9024K, reserved 1048576K
}
Event: 9.825 GC heap after
{Heap after GC invocations=20 (full 0):
 garbage-first heap   total 61440K, used 28899K [0x00000000a0c00000, 0x0000000100000000)
  region size 1024K, 2 young (2048K), 2 survivors (2048K)
 Metaspace       used 62205K, committed 62912K, reserved 1114112K
  class space    used 8713K, committed 9024K, reserved 1048576K
}
Event: 10.485 GC heap before
{Heap before GC invocations=20 (full 0):
 garbage-first heap   total 61440K, used 49379K [0x00000000a0c00000, 0x0000000100000000)
  region size 1024K, 22 young (22528K), 2 survivors (2048K)
 Metaspace       used 64805K, committed 65536K, reserved 1114112K
  class space    used 9094K, committed 9408K, reserved 1048576K
}
Event: 10.489 GC heap after
{Heap after GC invocations=21 (full 0):
 garbage-first heap   total 61440K, used 30567K [0x00000000a0c00000, 0x0000000100000000)
  region size 1024K, 3 young (3072K), 3 survivors (3072K)
 Metaspace       used 64805K, committed 65536K, reserved 1114112K
  class space    used 9094K, committed 9408K, reserved 1048576K
}
Event: 10.819 GC heap before
{Heap before GC invocations=22 (full 0):
 garbage-first heap   total 61440K, used 50023K [0x00000000a0c00000, 0x0000000100000000)
  region size 1024K, 22 young (22528K), 3 survivors (3072K)
 Metaspace       used 66262K, committed 67008K, reserved 1114112K
  class space    used 9336K, committed 9664K, reserved 1048576K
}
Event: 10.826 GC heap after
{Heap after GC invocations=23 (full 0):
 garbage-first heap   total 61440K, used 32128K [0x00000000a0c00000, 0x0000000100000000)
  region size 1024K, 2 young (2048K), 2 survivors (2048K)
 Metaspace       used 66262K, committed 67008K, reserved 1114112K
  class space    used 9336K, committed 9664K, reserved 1048576K
}
Event: 10.969 GC heap before
{Heap before GC invocations=23 (full 0):
 garbage-first heap   total 61440K, used 50560K [0x00000000a0c00000, 0x0000000100000000)
  region size 1024K, 20 young (20480K), 2 survivors (2048K)
 Metaspace       used 66565K, committed 67328K, reserved 1114112K
  class space    used 9372K, committed 9728K, reserved 1048576K
}
Event: 10.972 GC heap after
{Heap after GC invocations=24 (full 0):
 garbage-first heap   total 61440K, used 32969K [0x00000000a0c00000, 0x0000000100000000)
  region size 1024K, 1 young (1024K), 1 survivors (1024K)
 Metaspace       used 66565K, committed 67328K, reserved 1114112K
  class space    used 9372K, committed 9728K, reserved 1048576K
}
Event: 16.765 GC heap before
{Heap before GC invocations=25 (full 0):
 garbage-first heap   total 61440K, used 50377K [0x00000000a0c00000, 0x0000000100000000)
  region size 1024K, 18 young (18432K), 1 survivors (1024K)
 Metaspace       used 67151K, committed 67968K, reserved 1114112K
  class space    used 9459K, committed 9856K, reserved 1048576K
}
Event: 16.769 GC heap after
{Heap after GC invocations=26 (full 0):
 garbage-first heap   total 61440K, used 34386K [0x00000000a0c00000, 0x0000000100000000)
  region size 1024K, 3 young (3072K), 3 survivors (3072K)
 Metaspace       used 67151K, committed 67968K, reserved 1114112K
  class space    used 9459K, committed 9856K, reserved 1048576K
}
Event: 23.639 GC heap before
{Heap before GC invocations=26 (full 0):
 garbage-first heap   total 61440K, used 49746K [0x00000000a0c00000, 0x0000000100000000)
  region size 1024K, 18 young (18432K), 3 survivors (3072K)
 Metaspace       used 67151K, committed 67968K, reserved 1114112K
  class space    used 9459K, committed 9856K, reserved 1048576K
}
Event: 23.645 GC heap after
{Heap after GC invocations=27 (full 0):
 garbage-first heap   total 61440K, used 34621K [0x00000000a0c00000, 0x0000000100000000)
  region size 1024K, 2 young (2048K), 2 survivors (2048K)
 Metaspace       used 67151K, committed 67968K, reserved 1114112K
  class space    used 9459K, committed 9856K, reserved 1048576K
}
Event: 26.575 GC heap before
{Heap before GC invocations=28 (full 0):
 garbage-first heap   total 61440K, used 48957K [0x00000000a0c00000, 0x0000000100000000)
  region size 1024K, 17 young (17408K), 2 survivors (2048K)
 Metaspace       used 69108K, committed 69888K, reserved 1114112K
  class space    used 9710K, committed 10112K, reserved 1048576K
}
Event: 26.579 GC heap after
{Heap after GC invocations=29 (full 0):
 garbage-first heap   total 61440K, used 35464K [0x00000000a0c00000, 0x0000000100000000)
  region size 1024K, 2 young (2048K), 2 survivors (2048K)
 Metaspace       used 69108K, committed 69888K, reserved 1114112K
  class space    used 9710K, committed 10112K, reserved 1048576K
}
Event: 26.608 GC heap before
{Heap before GC invocations=29 (full 0):
 garbage-first heap   total 61440K, used 36488K [0x00000000a0c00000, 0x0000000100000000)
  region size 1024K, 3 young (3072K), 2 survivors (2048K)
 Metaspace       used 69310K, committed 70080K, reserved 1114112K
  class space    used 9747K, committed 10112K, reserved 1048576K
}
Event: 26.610 GC heap after
{Heap after GC invocations=30 (full 0):
 garbage-first heap   total 61440K, used 35221K [0x00000000a0c00000, 0x0000000100000000)
  region size 1024K, 1 young (1024K), 1 survivors (1024K)
 Metaspace       used 69310K, committed 70080K, reserved 1114112K
  class space    used 9747K, committed 10112K, reserved 1048576K
}
Event: 27.619 GC heap before
{Heap before GC invocations=30 (full 0):
 garbage-first heap   total 61440K, used 48533K [0x00000000a0c00000, 0x0000000100000000)
  region size 1024K, 15 young (15360K), 1 survivors (1024K)
 Metaspace       used 71315K, committed 72064K, reserved 1114112K
  class space    used 10001K, committed 10368K, reserved 1048576K
}
Event: 27.622 GC heap after
{Heap after GC invocations=31 (full 0):
 garbage-first heap   total 61440K, used 38136K [0x00000000a0c00000, 0x0000000100000000)
  region size 1024K, 2 young (2048K), 2 survivors (2048K)
 Metaspace       used 71315K, committed 72064K, reserved 1114112K
  class space    used 10001K, committed 10368K, reserved 1048576K
}

